<?xml version="1.0" encoding="UTF-8"?>
<!-- Generated by org.testng.reporters.JUnitReportReporter -->
<testsuite skipped="0" hostname="Karthik-PC" name="com.herpkupapp.testcase.FramesPageTestCase" tests="1" failures="0" timestamp="2021-02-18T12:39:37 IST" time="10.129" errors="0">
  <testcase name="validateiframeClick" time="10.129" classname="com.herpkupapp.testcase.FramesPageTestCase"/>
  <system-out/>
</testsuite> <!-- com.herpkupapp.testcase.FramesPageTestCase -->
