<?xml version="1.0" encoding="UTF-8"?>
<!-- Generated by org.testng.reporters.JUnitReportReporter -->
<testsuite skipped="0" hostname="Karthik-PC" name="com.herpkupapp.testcase.IFramesPageTestCase" tests="3" failures="0" timestamp="2021-02-18T12:39:37 IST" time="58.565" errors="0">
  <testcase name="verify" time="0.044" classname="com.herpkupapp.testcase.IFramesPageTestCase"/>
  <system-out/>
  <testcase name="clearIFrameLogic" time="50.479" classname="com.herpkupapp.testcase.IFramesPageTestCase"/>
  <system-out/>
  <testcase name="clickElementSelenium" time="8.042" classname="com.herpkupapp.testcase.IFramesPageTestCase"/>
  <system-out/>
</testsuite> <!-- com.herpkupapp.testcase.IFramesPageTestCase -->
